{"C:\\Users\\2226317\\Videos\\top-jobs\\src\\App.js": {"path":"C:\\Users\\2226317\\Videos\\top-jobs\\src\\App.js","statementMap":{"0":{"start":{"line":10,"column":2},"end":{"line":22,"column":4}}},"fnMap":{"0":{"name":"App","decl":{"start":{"line":9,"column":9},"end":{"line":9,"column":12}},"loc":{"start":{"line":9,"column":15},"end":{"line":23,"column":1}},"line":9}},"branchMap":{},"s":{"0":1},"f":{"0":1},"b":{},"_coverageSchema":"1a1c01bbd47fc00a2c39e90264f33305004495a9","hash":"3e8ad57cc1acc29a75da6f1d62e10bacdec620bd"}
,"C:\\Users\\2226317\\Videos\\top-jobs\\src\\store.js": {"path":"C:\\Users\\2226317\\Videos\\top-jobs\\src\\store.js","statementMap":{"0":{"start":{"line":5,"column":22},"end":{"line":8,"column":2}},"1":{"start":{"line":10,"column":14},"end":{"line":19,"column":2}},"2":{"start":{"line":12,"column":42},"end":{"line":18,"column":5}}},"fnMap":{"0":{"name":"(anonymous_0)","decl":{"start":{"line":12,"column":16},"end":{"line":12,"column":17}},"loc":{"start":{"line":12,"column":42},"end":{"line":18,"column":5}},"line":12}},"branchMap":{},"s":{"0":4,"1":4,"2":4},"f":{"0":4},"b":{},"_coverageSchema":"1a1c01bbd47fc00a2c39e90264f33305004495a9","hash":"47901f55cac88e5090be8ab544eb6c4a0a33dea0"}
,"C:\\Users\\2226317\\Videos\\top-jobs\\src\\test-utils.js": {"path":"C:\\Users\\2226317\\Videos\\top-jobs\\src\\test-utils.js","statementMap":{"0":{"start":{"line":9,"column":22},"end":{"line":12,"column":2}},"1":{"start":{"line":23,"column":8},"end":{"line":23,"column":60}},"2":{"start":{"line":25,"column":4},"end":{"line":25,"column":64}}},"fnMap":{"0":{"name":"render","decl":{"start":{"line":14,"column":9},"end":{"line":14,"column":15}},"loc":{"start":{"line":21,"column":2},"end":{"line":26,"column":1}},"line":21},"1":{"name":"Wrapper","decl":{"start":{"line":22,"column":13},"end":{"line":22,"column":20}},"loc":{"start":{"line":22,"column":35},"end":{"line":24,"column":5}},"line":22}},"branchMap":{"0":{"loc":{"start":{"line":16,"column":4},"end":{"line":20,"column":10}},"type":"default-arg","locations":[{"start":{"line":20,"column":8},"end":{"line":20,"column":10}}],"line":16},"1":{"loc":{"start":{"line":18,"column":8},"end":{"line":18,"column":93}},"type":"default-arg","locations":[{"start":{"line":18,"column":16},"end":{"line":18,"column":93}}],"line":18}},"s":{"0":4,"1":4,"2":4},"f":{"0":4,"1":4},"b":{"0":[4],"1":[4]},"_coverageSchema":"1a1c01bbd47fc00a2c39e90264f33305004495a9","hash":"76215553d294a982d3dda1ed37c02d079474b601"}
,"C:\\Users\\2226317\\Videos\\top-jobs\\src\\components\\applyJob.js": {"path":"C:\\Users\\2226317\\Videos\\top-jobs\\src\\components\\applyJob.js","statementMap":{"0":{"start":{"line":10,"column":19},"end":{"line":50,"column":1}},"1":{"start":{"line":11,"column":17},"end":{"line":11,"column":20}},"2":{"start":{"line":12,"column":18},"end":{"line":12,"column":20}},"3":{"start":{"line":13,"column":21},"end":{"line":13,"column":42}},"4":{"start":{"line":14,"column":22},"end":{"line":14,"column":40}},"5":{"start":{"line":15,"column":28},"end":{"line":17,"column":5}},"6":{"start":{"line":19,"column":4},"end":{"line":23,"column":5}},"7":{"start":{"line":20,"column":8},"end":{"line":20,"column":43}},"8":{"start":{"line":21,"column":11},"end":{"line":23,"column":5}},"9":{"start":{"line":22,"column":8},"end":{"line":22,"column":53}},"10":{"start":{"line":25,"column":4},"end":{"line":29,"column":5}},"11":{"start":{"line":26,"column":8},"end":{"line":26,"column":45}},"12":{"start":{"line":27,"column":11},"end":{"line":29,"column":5}},"13":{"start":{"line":28,"column":8},"end":{"line":28,"column":60}},"14":{"start":{"line":31,"column":4},"end":{"line":40,"column":5}},"15":{"start":{"line":32,"column":8},"end":{"line":32,"column":52}},"16":{"start":{"line":34,"column":9},"end":{"line":40,"column":5}},"17":{"start":{"line":35,"column":8},"end":{"line":35,"column":68}},"18":{"start":{"line":36,"column":11},"end":{"line":40,"column":5}},"19":{"start":{"line":37,"column":8},"end":{"line":37,"column":57}},"20":{"start":{"line":38,"column":11},"end":{"line":40,"column":5}},"21":{"start":{"line":39,"column":8},"end":{"line":39,"column":77}},"22":{"start":{"line":42,"column":4},"end":{"line":48,"column":5}},"23":{"start":{"line":43,"column":8},"end":{"line":43,"column":54}},"24":{"start":{"line":44,"column":11},"end":{"line":48,"column":5}},"25":{"start":{"line":45,"column":8},"end":{"line":45,"column":68}},"26":{"start":{"line":46,"column":11},"end":{"line":48,"column":5}},"27":{"start":{"line":47,"column":8},"end":{"line":47,"column":81}},"28":{"start":{"line":49,"column":4},"end":{"line":49,"column":19}},"29":{"start":{"line":54,"column":8},"end":{"line":54,"column":16}},"30":{"start":{"line":56,"column":8},"end":{"line":65,"column":9}},"31":{"start":{"line":68,"column":18},"end":{"line":70,"column":5}},"32":{"start":{"line":69,"column":8},"end":{"line":69,"column":33}},"33":{"start":{"line":73,"column":21},"end":{"line":94,"column":5}},"34":{"start":{"line":74,"column":20},"end":{"line":74,"column":34}},"35":{"start":{"line":75,"column":8},"end":{"line":93,"column":9}},"36":{"start":{"line":77,"column":16},"end":{"line":77,"column":62}},"37":{"start":{"line":78,"column":16},"end":{"line":78,"column":22}},"38":{"start":{"line":80,"column":16},"end":{"line":80,"column":63}},"39":{"start":{"line":81,"column":16},"end":{"line":81,"column":22}},"40":{"start":{"line":83,"column":16},"end":{"line":83,"column":63}},"41":{"start":{"line":84,"column":16},"end":{"line":84,"column":22}},"42":{"start":{"line":86,"column":16},"end":{"line":86,"column":65}},"43":{"start":{"line":87,"column":16},"end":{"line":87,"column":22}},"44":{"start":{"line":89,"column":16},"end":{"line":89,"column":68}},"45":{"start":{"line":90,"column":16},"end":{"line":90,"column":22}},"46":{"start":{"line":92,"column":16},"end":{"line":92,"column":22}},"47":{"start":{"line":97,"column":20},"end":{"line":99,"column":5}},"48":{"start":{"line":98,"column":8},"end":{"line":98,"column":55}},"49":{"start":{"line":102,"column":19},"end":{"line":147,"column":5}},"50":{"start":{"line":104,"column":8},"end":{"line":104,"column":22}},"51":{"start":{"line":105,"column":8},"end":{"line":105,"column":27}},"52":{"start":{"line":107,"column":21},"end":{"line":107,"column":36}},"53":{"start":{"line":109,"column":18},"end":{"line":109,"column":40}},"54":{"start":{"line":110,"column":8},"end":{"line":110,"column":34}},"55":{"start":{"line":112,"column":8},"end":{"line":112,"column":69}},"56":{"start":{"line":113,"column":8},"end":{"line":113,"column":40}},"57":{"start":{"line":114,"column":8},"end":{"line":117,"column":9}},"58":{"start":{"line":115,"column":12},"end":{"line":115,"column":31}},"59":{"start":{"line":118,"column":8},"end":{"line":143,"column":9}},"60":{"start":{"line":120,"column":12},"end":{"line":120,"column":48}},"61":{"start":{"line":121,"column":12},"end":{"line":121,"column":32}},"62":{"start":{"line":123,"column":12},"end":{"line":123,"column":88}},"63":{"start":{"line":124,"column":24},"end":{"line":131,"column":13}},"64":{"start":{"line":133,"column":12},"end":{"line":138,"column":15}},"65":{"start":{"line":134,"column":16},"end":{"line":134,"column":47}},"66":{"start":{"line":135,"column":16},"end":{"line":135,"column":64}},"67":{"start":{"line":136,"column":16},"end":{"line":136,"column":47}},"68":{"start":{"line":151,"column":8},"end":{"line":247,"column":10}},"69":{"start":{"line":153,"column":60},"end":{"line":153,"column":78}},"70":{"start":{"line":168,"column":57},"end":{"line":168,"column":87}},"71":{"start":{"line":185,"column":57},"end":{"line":185,"column":88}},"72":{"start":{"line":200,"column":57},"end":{"line":200,"column":88}},"73":{"start":{"line":214,"column":57},"end":{"line":214,"column":93}},"74":{"start":{"line":228,"column":57},"end":{"line":228,"column":90}},"75":{"start":{"line":235,"column":79},"end":{"line":235,"column":97}},"76":{"start":{"line":250,"column":19},"end":{"line":252,"column":1}},"77":{"start":{"line":251,"column":4},"end":{"line":251,"column":17}},"78":{"start":{"line":254,"column":21},"end":{"line":262,"column":1}},"79":{"start":{"line":255,"column":4},"end":{"line":261,"column":5}},"80":{"start":{"line":257,"column":12},"end":{"line":259,"column":15}},"81":{"start":{"line":258,"column":16},"end":{"line":258,"column":48}}},"fnMap":{"0":{"name":"(anonymous_0)","decl":{"start":{"line":10,"column":19},"end":{"line":10,"column":20}},"loc":{"start":{"line":10,"column":28},"end":{"line":50,"column":1}},"line":10},"1":{"name":"(anonymous_1)","decl":{"start":{"line":53,"column":4},"end":{"line":53,"column":5}},"loc":{"start":{"line":53,"column":18},"end":{"line":66,"column":5}},"line":53},"2":{"name":"(anonymous_2)","decl":{"start":{"line":68,"column":18},"end":{"line":68,"column":19}},"loc":{"start":{"line":68,"column":24},"end":{"line":70,"column":5}},"line":68},"3":{"name":"(anonymous_3)","decl":{"start":{"line":73,"column":21},"end":{"line":73,"column":22}},"loc":{"start":{"line":73,"column":33},"end":{"line":94,"column":5}},"line":73},"4":{"name":"(anonymous_4)","decl":{"start":{"line":97,"column":20},"end":{"line":97,"column":21}},"loc":{"start":{"line":97,"column":26},"end":{"line":99,"column":5}},"line":97},"5":{"name":"(anonymous_5)","decl":{"start":{"line":102,"column":19},"end":{"line":102,"column":20}},"loc":{"start":{"line":102,"column":26},"end":{"line":147,"column":5}},"line":102},"6":{"name":"(anonymous_6)","decl":{"start":{"line":133,"column":47},"end":{"line":133,"column":48}},"loc":{"start":{"line":133,"column":57},"end":{"line":138,"column":13}},"line":133},"7":{"name":"(anonymous_7)","decl":{"start":{"line":150,"column":4},"end":{"line":150,"column":5}},"loc":{"start":{"line":150,"column":13},"end":{"line":248,"column":5}},"line":150},"8":{"name":"(anonymous_8)","decl":{"start":{"line":153,"column":54},"end":{"line":153,"column":55}},"loc":{"start":{"line":153,"column":60},"end":{"line":153,"column":78}},"line":153},"9":{"name":"(anonymous_9)","decl":{"start":{"line":168,"column":50},"end":{"line":168,"column":51}},"loc":{"start":{"line":168,"column":57},"end":{"line":168,"column":87}},"line":168},"10":{"name":"(anonymous_10)","decl":{"start":{"line":185,"column":50},"end":{"line":185,"column":51}},"loc":{"start":{"line":185,"column":57},"end":{"line":185,"column":88}},"line":185},"11":{"name":"(anonymous_11)","decl":{"start":{"line":200,"column":50},"end":{"line":200,"column":51}},"loc":{"start":{"line":200,"column":57},"end":{"line":200,"column":88}},"line":200},"12":{"name":"(anonymous_12)","decl":{"start":{"line":214,"column":50},"end":{"line":214,"column":51}},"loc":{"start":{"line":214,"column":57},"end":{"line":214,"column":93}},"line":214},"13":{"name":"(anonymous_13)","decl":{"start":{"line":228,"column":50},"end":{"line":228,"column":51}},"loc":{"start":{"line":228,"column":57},"end":{"line":228,"column":90}},"line":228},"14":{"name":"(anonymous_14)","decl":{"start":{"line":235,"column":73},"end":{"line":235,"column":74}},"loc":{"start":{"line":235,"column":79},"end":{"line":235,"column":97}},"line":235},"15":{"name":"(anonymous_15)","decl":{"start":{"line":250,"column":19},"end":{"line":250,"column":20}},"loc":{"start":{"line":250,"column":30},"end":{"line":252,"column":1}},"line":250},"16":{"name":"(anonymous_16)","decl":{"start":{"line":254,"column":21},"end":{"line":254,"column":22}},"loc":{"start":{"line":254,"column":35},"end":{"line":262,"column":1}},"line":254},"17":{"name":"(anonymous_17)","decl":{"start":{"line":256,"column":21},"end":{"line":256,"column":22}},"loc":{"start":{"line":256,"column":34},"end":{"line":260,"column":9}},"line":256},"18":{"name":"(anonymous_18)","decl":{"start":{"line":257,"column":52},"end":{"line":257,"column":53}},"loc":{"start":{"line":257,"column":62},"end":{"line":259,"column":13}},"line":257}},"branchMap":{"0":{"loc":{"start":{"line":19,"column":4},"end":{"line":23,"column":5}},"type":"if","locations":[{"start":{"line":19,"column":4},"end":{"line":23,"column":5}},{"start":{"line":21,"column":11},"end":{"line":23,"column":5}}],"line":19},"1":{"loc":{"start":{"line":21,"column":11},"end":{"line":23,"column":5}},"type":"if","locations":[{"start":{"line":21,"column":11},"end":{"line":23,"column":5}},{"start":{},"end":{}}],"line":21},"2":{"loc":{"start":{"line":25,"column":4},"end":{"line":29,"column":5}},"type":"if","locations":[{"start":{"line":25,"column":4},"end":{"line":29,"column":5}},{"start":{"line":27,"column":11},"end":{"line":29,"column":5}}],"line":25},"3":{"loc":{"start":{"line":27,"column":11},"end":{"line":29,"column":5}},"type":"if","locations":[{"start":{"line":27,"column":11},"end":{"line":29,"column":5}},{"start":{},"end":{}}],"line":27},"4":{"loc":{"start":{"line":31,"column":4},"end":{"line":40,"column":5}},"type":"if","locations":[{"start":{"line":31,"column":4},"end":{"line":40,"column":5}},{"start":{"line":34,"column":9},"end":{"line":40,"column":5}}],"line":31},"5":{"loc":{"start":{"line":34,"column":9},"end":{"line":40,"column":5}},"type":"if","locations":[{"start":{"line":34,"column":9},"end":{"line":40,"column":5}},{"start":{"line":36,"column":11},"end":{"line":40,"column":5}}],"line":34},"6":{"loc":{"start":{"line":36,"column":11},"end":{"line":40,"column":5}},"type":"if","locations":[{"start":{"line":36,"column":11},"end":{"line":40,"column":5}},{"start":{"line":38,"column":11},"end":{"line":40,"column":5}}],"line":36},"7":{"loc":{"start":{"line":38,"column":11},"end":{"line":40,"column":5}},"type":"if","locations":[{"start":{"line":38,"column":11},"end":{"line":40,"column":5}},{"start":{},"end":{}}],"line":38},"8":{"loc":{"start":{"line":42,"column":4},"end":{"line":48,"column":5}},"type":"if","locations":[{"start":{"line":42,"column":4},"end":{"line":48,"column":5}},{"start":{"line":44,"column":11},"end":{"line":48,"column":5}}],"line":42},"9":{"loc":{"start":{"line":44,"column":11},"end":{"line":48,"column":5}},"type":"if","locations":[{"start":{"line":44,"column":11},"end":{"line":48,"column":5}},{"start":{"line":46,"column":11},"end":{"line":48,"column":5}}],"line":44},"10":{"loc":{"start":{"line":46,"column":11},"end":{"line":48,"column":5}},"type":"if","locations":[{"start":{"line":46,"column":11},"end":{"line":48,"column":5}},{"start":{},"end":{}}],"line":46},"11":{"loc":{"start":{"line":75,"column":8},"end":{"line":93,"column":9}},"type":"switch","locations":[{"start":{"line":76,"column":12},"end":{"line":78,"column":22}},{"start":{"line":79,"column":12},"end":{"line":81,"column":22}},{"start":{"line":82,"column":12},"end":{"line":84,"column":22}},{"start":{"line":85,"column":12},"end":{"line":87,"column":22}},{"start":{"line":88,"column":12},"end":{"line":90,"column":22}},{"start":{"line":91,"column":12},"end":{"line":92,"column":22}}],"line":75},"12":{"loc":{"start":{"line":114,"column":8},"end":{"line":117,"column":9}},"type":"if","locations":[{"start":{"line":114,"column":8},"end":{"line":117,"column":9}},{"start":{},"end":{}}],"line":114},"13":{"loc":{"start":{"line":118,"column":8},"end":{"line":143,"column":9}},"type":"if","locations":[{"start":{"line":118,"column":8},"end":{"line":143,"column":9}},{"start":{"line":122,"column":15},"end":{"line":143,"column":9}}],"line":118},"14":{"loc":{"start":{"line":154,"column":21},"end":{"line":156,"column":42}},"type":"cond-expr","locations":[{"start":{"line":154,"column":43},"end":{"line":156,"column":35}},{"start":{"line":156,"column":38},"end":{"line":156,"column":42}}],"line":154},"15":{"loc":{"start":{"line":158,"column":21},"end":{"line":243,"column":37}},"type":"cond-expr","locations":[{"start":{"line":158,"column":42},"end":{"line":160,"column":22}},{"start":{"line":161,"column":24},"end":{"line":243,"column":37}}],"line":158},"16":{"loc":{"start":{"line":169,"column":51},"end":{"line":169,"column":118}},"type":"cond-expr","locations":[{"start":{"line":169,"column":106},"end":{"line":169,"column":110}},{"start":{"line":169,"column":113},"end":{"line":169,"column":118}}],"line":169},"17":{"loc":{"start":{"line":169,"column":51},"end":{"line":169,"column":103}},"type":"binary-expr","locations":[{"start":{"line":169,"column":51},"end":{"line":169,"column":79}},{"start":{"line":169,"column":83},"end":{"line":169,"column":103}}],"line":169},"18":{"loc":{"start":{"line":174,"column":40},"end":{"line":175,"column":104}},"type":"cond-expr","locations":[{"start":{"line":175,"column":44},"end":{"line":175,"column":99}},{"start":{"line":175,"column":102},"end":{"line":175,"column":104}}],"line":174},"19":{"loc":{"start":{"line":184,"column":51},"end":{"line":184,"column":186}},"type":"cond-expr","locations":[{"start":{"line":184,"column":174},"end":{"line":184,"column":178}},{"start":{"line":184,"column":181},"end":{"line":184,"column":186}}],"line":184},"20":{"loc":{"start":{"line":184,"column":51},"end":{"line":184,"column":171}},"type":"binary-expr","locations":[{"start":{"line":184,"column":53},"end":{"line":184,"column":81}},{"start":{"line":184,"column":85},"end":{"line":184,"column":113}},{"start":{"line":184,"column":118},"end":{"line":184,"column":146}},{"start":{"line":184,"column":151},"end":{"line":184,"column":171}}],"line":184},"21":{"loc":{"start":{"line":188,"column":40},"end":{"line":189,"column":105}},"type":"cond-expr","locations":[{"start":{"line":189,"column":44},"end":{"line":189,"column":100}},{"start":{"line":189,"column":103},"end":{"line":189,"column":105}}],"line":188},"22":{"loc":{"start":{"line":198,"column":51},"end":{"line":198,"column":118}},"type":"cond-expr","locations":[{"start":{"line":198,"column":106},"end":{"line":198,"column":110}},{"start":{"line":198,"column":113},"end":{"line":198,"column":118}}],"line":198},"23":{"loc":{"start":{"line":198,"column":51},"end":{"line":198,"column":103}},"type":"binary-expr","locations":[{"start":{"line":198,"column":51},"end":{"line":198,"column":79}},{"start":{"line":198,"column":83},"end":{"line":198,"column":103}}],"line":198},"24":{"loc":{"start":{"line":203,"column":40},"end":{"line":204,"column":105}},"type":"cond-expr","locations":[{"start":{"line":204,"column":44},"end":{"line":204,"column":100}},{"start":{"line":204,"column":103},"end":{"line":204,"column":105}}],"line":203},"25":{"loc":{"start":{"line":213,"column":51},"end":{"line":213,"column":123}},"type":"cond-expr","locations":[{"start":{"line":213,"column":111},"end":{"line":213,"column":115}},{"start":{"line":213,"column":118},"end":{"line":213,"column":123}}],"line":213},"26":{"loc":{"start":{"line":213,"column":51},"end":{"line":213,"column":108}},"type":"binary-expr","locations":[{"start":{"line":213,"column":51},"end":{"line":213,"column":84}},{"start":{"line":213,"column":88},"end":{"line":213,"column":108}}],"line":213},"27":{"loc":{"start":{"line":217,"column":40},"end":{"line":218,"column":110}},"type":"cond-expr","locations":[{"start":{"line":218,"column":44},"end":{"line":218,"column":105}},{"start":{"line":218,"column":108},"end":{"line":218,"column":110}}],"line":217}},"s":{"0":3,"1":0,"2":0,"3":0,"4":0,"5":0,"6":0,"7":0,"8":0,"9":0,"10":0,"11":0,"12":0,"13":0,"14":0,"15":0,"16":0,"17":0,"18":0,"19":0,"20":0,"21":0,"22":0,"23":0,"24":0,"25":0,"26":0,"27":0,"28":0,"29":1,"30":1,"31":1,"32":0,"33":1,"34":0,"35":0,"36":0,"37":0,"38":0,"39":0,"40":0,"41":0,"42":0,"43":0,"44":0,"45":0,"46":0,"47":1,"48":0,"49":1,"50":0,"51":0,"52":0,"53":0,"54":0,"55":0,"56":0,"57":0,"58":0,"59":0,"60":0,"61":0,"62":0,"63":0,"64":0,"65":0,"66":0,"67":0,"68":1,"69":0,"70":0,"71":0,"72":0,"73":0,"74":0,"75":0,"76":3,"77":1,"78":3,"79":1,"80":0,"81":0},"f":{"0":0,"1":1,"2":0,"3":0,"4":0,"5":0,"6":0,"7":1,"8":0,"9":0,"10":0,"11":0,"12":0,"13":0,"14":0,"15":1,"16":1,"17":0,"18":0},"b":{"0":[0,0],"1":[0,0],"2":[0,0],"3":[0,0],"4":[0,0],"5":[0,0],"6":[0,0],"7":[0,0],"8":[0,0],"9":[0,0],"10":[0,0],"11":[0,0,0,0,0,0],"12":[0,0],"13":[0,0],"14":[1,0],"15":[0,1],"16":[0,1],"17":[1,1],"18":[0,1],"19":[0,1],"20":[1,0,0,1],"21":[0,1],"22":[0,1],"23":[1,1],"24":[0,1],"25":[0,1],"26":[1,1],"27":[0,1]},"_coverageSchema":"1a1c01bbd47fc00a2c39e90264f33305004495a9","hash":"a881a7dbb94367e5f142f56a251c2e59e4309402"}
,"C:\\Users\\2226317\\Videos\\top-jobs\\src\\components\\contactsUs.js": {"path":"C:\\Users\\2226317\\Videos\\top-jobs\\src\\components\\contactsUs.js","statementMap":{"0":{"start":{"line":8,"column":19},"end":{"line":50,"column":1}},"1":{"start":{"line":9,"column":17},"end":{"line":9,"column":20}},"2":{"start":{"line":10,"column":18},"end":{"line":10,"column":20}},"3":{"start":{"line":11,"column":21},"end":{"line":11,"column":42}},"4":{"start":{"line":12,"column":22},"end":{"line":12,"column":40}},"5":{"start":{"line":13,"column":28},"end":{"line":15,"column":5}},"6":{"start":{"line":17,"column":4},"end":{"line":21,"column":5}},"7":{"start":{"line":18,"column":8},"end":{"line":18,"column":43}},"8":{"start":{"line":19,"column":11},"end":{"line":21,"column":5}},"9":{"start":{"line":20,"column":8},"end":{"line":20,"column":53}},"10":{"start":{"line":23,"column":4},"end":{"line":27,"column":5}},"11":{"start":{"line":24,"column":8},"end":{"line":24,"column":45}},"12":{"start":{"line":25,"column":11},"end":{"line":27,"column":5}},"13":{"start":{"line":26,"column":8},"end":{"line":26,"column":60}},"14":{"start":{"line":29,"column":4},"end":{"line":38,"column":5}},"15":{"start":{"line":30,"column":8},"end":{"line":30,"column":52}},"16":{"start":{"line":32,"column":9},"end":{"line":38,"column":5}},"17":{"start":{"line":33,"column":8},"end":{"line":33,"column":68}},"18":{"start":{"line":34,"column":11},"end":{"line":38,"column":5}},"19":{"start":{"line":35,"column":8},"end":{"line":35,"column":57}},"20":{"start":{"line":36,"column":11},"end":{"line":38,"column":5}},"21":{"start":{"line":37,"column":8},"end":{"line":37,"column":77}},"22":{"start":{"line":40,"column":4},"end":{"line":46,"column":5}},"23":{"start":{"line":41,"column":8},"end":{"line":41,"column":48}},"24":{"start":{"line":42,"column":11},"end":{"line":46,"column":5}},"25":{"start":{"line":43,"column":8},"end":{"line":43,"column":62}},"26":{"start":{"line":44,"column":11},"end":{"line":46,"column":5}},"27":{"start":{"line":45,"column":8},"end":{"line":45,"column":77}},"28":{"start":{"line":49,"column":4},"end":{"line":49,"column":19}},"29":{"start":{"line":54,"column":8},"end":{"line":54,"column":16}},"30":{"start":{"line":56,"column":8},"end":{"line":65,"column":9}},"31":{"start":{"line":69,"column":21},"end":{"line":87,"column":5}},"32":{"start":{"line":70,"column":20},"end":{"line":70,"column":34}},"33":{"start":{"line":71,"column":8},"end":{"line":86,"column":9}},"34":{"start":{"line":73,"column":16},"end":{"line":73,"column":62}},"35":{"start":{"line":74,"column":16},"end":{"line":74,"column":22}},"36":{"start":{"line":76,"column":16},"end":{"line":76,"column":63}},"37":{"start":{"line":77,"column":16},"end":{"line":77,"column":22}},"38":{"start":{"line":79,"column":16},"end":{"line":79,"column":63}},"39":{"start":{"line":80,"column":16},"end":{"line":80,"column":22}},"40":{"start":{"line":82,"column":16},"end":{"line":82,"column":65}},"41":{"start":{"line":83,"column":16},"end":{"line":83,"column":22}},"42":{"start":{"line":85,"column":16},"end":{"line":85,"column":22}},"43":{"start":{"line":92,"column":18},"end":{"line":92,"column":40}},"44":{"start":{"line":94,"column":8},"end":{"line":94,"column":70}},"45":{"start":{"line":95,"column":8},"end":{"line":135,"column":9}},"46":{"start":{"line":96,"column":12},"end":{"line":96,"column":49}},"47":{"start":{"line":97,"column":12},"end":{"line":97,"column":32}},"48":{"start":{"line":100,"column":12},"end":{"line":100,"column":77}},"49":{"start":{"line":101,"column":24},"end":{"line":106,"column":13}},"50":{"start":{"line":107,"column":12},"end":{"line":134,"column":14}},"51":{"start":{"line":108,"column":16},"end":{"line":108,"column":94}},"52":{"start":{"line":109,"column":16},"end":{"line":133,"column":17}},"53":{"start":{"line":110,"column":20},"end":{"line":110,"column":86}},"54":{"start":{"line":111,"column":20},"end":{"line":120,"column":23}},"55":{"start":{"line":122,"column":20},"end":{"line":122,"column":86}},"56":{"start":{"line":123,"column":20},"end":{"line":132,"column":23}},"57":{"start":{"line":140,"column":8},"end":{"line":234,"column":10}},"58":{"start":{"line":160,"column":167},"end":{"line":160,"column":197}},"59":{"start":{"line":165,"column":169},"end":{"line":165,"column":200}},"60":{"start":{"line":170,"column":169},"end":{"line":170,"column":200}},"61":{"start":{"line":175,"column":164},"end":{"line":175,"column":197}},"62":{"start":{"line":180,"column":104},"end":{"line":180,"column":124}},"63":{"start":{"line":238,"column":19},"end":{"line":240,"column":1}},"64":{"start":{"line":239,"column":4},"end":{"line":239,"column":17}},"65":{"start":{"line":242,"column":21},"end":{"line":250,"column":1}},"66":{"start":{"line":243,"column":4},"end":{"line":249,"column":5}},"67":{"start":{"line":245,"column":12},"end":{"line":247,"column":15}},"68":{"start":{"line":246,"column":16},"end":{"line":246,"column":48}}},"fnMap":{"0":{"name":"(anonymous_0)","decl":{"start":{"line":8,"column":19},"end":{"line":8,"column":20}},"loc":{"start":{"line":8,"column":28},"end":{"line":50,"column":1}},"line":8},"1":{"name":"(anonymous_1)","decl":{"start":{"line":53,"column":4},"end":{"line":53,"column":5}},"loc":{"start":{"line":53,"column":18},"end":{"line":66,"column":5}},"line":53},"2":{"name":"(anonymous_2)","decl":{"start":{"line":69,"column":21},"end":{"line":69,"column":22}},"loc":{"start":{"line":69,"column":33},"end":{"line":87,"column":5}},"line":69},"3":{"name":"(anonymous_3)","decl":{"start":{"line":90,"column":4},"end":{"line":90,"column":5}},"loc":{"start":{"line":90,"column":20},"end":{"line":137,"column":5}},"line":90},"4":{"name":"(anonymous_4)","decl":{"start":{"line":107,"column":45},"end":{"line":107,"column":46}},"loc":{"start":{"line":107,"column":55},"end":{"line":134,"column":13}},"line":107},"5":{"name":"(anonymous_5)","decl":{"start":{"line":139,"column":4},"end":{"line":139,"column":5}},"loc":{"start":{"line":139,"column":13},"end":{"line":235,"column":5}},"line":139},"6":{"name":"(anonymous_6)","decl":{"start":{"line":160,"column":160},"end":{"line":160,"column":161}},"loc":{"start":{"line":160,"column":167},"end":{"line":160,"column":197}},"line":160},"7":{"name":"(anonymous_7)","decl":{"start":{"line":165,"column":162},"end":{"line":165,"column":163}},"loc":{"start":{"line":165,"column":169},"end":{"line":165,"column":200}},"line":165},"8":{"name":"(anonymous_8)","decl":{"start":{"line":170,"column":162},"end":{"line":170,"column":163}},"loc":{"start":{"line":170,"column":169},"end":{"line":170,"column":200}},"line":170},"9":{"name":"(anonymous_9)","decl":{"start":{"line":175,"column":157},"end":{"line":175,"column":158}},"loc":{"start":{"line":175,"column":164},"end":{"line":175,"column":197}},"line":175},"10":{"name":"(anonymous_10)","decl":{"start":{"line":180,"column":97},"end":{"line":180,"column":98}},"loc":{"start":{"line":180,"column":104},"end":{"line":180,"column":124}},"line":180},"11":{"name":"(anonymous_11)","decl":{"start":{"line":238,"column":19},"end":{"line":238,"column":20}},"loc":{"start":{"line":238,"column":30},"end":{"line":240,"column":1}},"line":238},"12":{"name":"(anonymous_12)","decl":{"start":{"line":242,"column":21},"end":{"line":242,"column":22}},"loc":{"start":{"line":242,"column":35},"end":{"line":250,"column":1}},"line":242},"13":{"name":"(anonymous_13)","decl":{"start":{"line":244,"column":19},"end":{"line":244,"column":20}},"loc":{"start":{"line":244,"column":32},"end":{"line":248,"column":9}},"line":244},"14":{"name":"(anonymous_14)","decl":{"start":{"line":245,"column":53},"end":{"line":245,"column":54}},"loc":{"start":{"line":245,"column":63},"end":{"line":247,"column":13}},"line":245}},"branchMap":{"0":{"loc":{"start":{"line":17,"column":4},"end":{"line":21,"column":5}},"type":"if","locations":[{"start":{"line":17,"column":4},"end":{"line":21,"column":5}},{"start":{"line":19,"column":11},"end":{"line":21,"column":5}}],"line":17},"1":{"loc":{"start":{"line":19,"column":11},"end":{"line":21,"column":5}},"type":"if","locations":[{"start":{"line":19,"column":11},"end":{"line":21,"column":5}},{"start":{},"end":{}}],"line":19},"2":{"loc":{"start":{"line":23,"column":4},"end":{"line":27,"column":5}},"type":"if","locations":[{"start":{"line":23,"column":4},"end":{"line":27,"column":5}},{"start":{"line":25,"column":11},"end":{"line":27,"column":5}}],"line":23},"3":{"loc":{"start":{"line":25,"column":11},"end":{"line":27,"column":5}},"type":"if","locations":[{"start":{"line":25,"column":11},"end":{"line":27,"column":5}},{"start":{},"end":{}}],"line":25},"4":{"loc":{"start":{"line":29,"column":4},"end":{"line":38,"column":5}},"type":"if","locations":[{"start":{"line":29,"column":4},"end":{"line":38,"column":5}},{"start":{"line":32,"column":9},"end":{"line":38,"column":5}}],"line":29},"5":{"loc":{"start":{"line":32,"column":9},"end":{"line":38,"column":5}},"type":"if","locations":[{"start":{"line":32,"column":9},"end":{"line":38,"column":5}},{"start":{"line":34,"column":11},"end":{"line":38,"column":5}}],"line":32},"6":{"loc":{"start":{"line":34,"column":11},"end":{"line":38,"column":5}},"type":"if","locations":[{"start":{"line":34,"column":11},"end":{"line":38,"column":5}},{"start":{"line":36,"column":11},"end":{"line":38,"column":5}}],"line":34},"7":{"loc":{"start":{"line":36,"column":11},"end":{"line":38,"column":5}},"type":"if","locations":[{"start":{"line":36,"column":11},"end":{"line":38,"column":5}},{"start":{},"end":{}}],"line":36},"8":{"loc":{"start":{"line":40,"column":4},"end":{"line":46,"column":5}},"type":"if","locations":[{"start":{"line":40,"column":4},"end":{"line":46,"column":5}},{"start":{"line":42,"column":11},"end":{"line":46,"column":5}}],"line":40},"9":{"loc":{"start":{"line":42,"column":11},"end":{"line":46,"column":5}},"type":"if","locations":[{"start":{"line":42,"column":11},"end":{"line":46,"column":5}},{"start":{"line":44,"column":11},"end":{"line":46,"column":5}}],"line":42},"10":{"loc":{"start":{"line":44,"column":11},"end":{"line":46,"column":5}},"type":"if","locations":[{"start":{"line":44,"column":11},"end":{"line":46,"column":5}},{"start":{},"end":{}}],"line":44},"11":{"loc":{"start":{"line":71,"column":8},"end":{"line":86,"column":9}},"type":"switch","locations":[{"start":{"line":72,"column":12},"end":{"line":74,"column":22}},{"start":{"line":75,"column":12},"end":{"line":77,"column":22}},{"start":{"line":78,"column":12},"end":{"line":80,"column":22}},{"start":{"line":81,"column":12},"end":{"line":83,"column":22}},{"start":{"line":84,"column":12},"end":{"line":85,"column":22}}],"line":71},"12":{"loc":{"start":{"line":95,"column":8},"end":{"line":135,"column":9}},"type":"if","locations":[{"start":{"line":95,"column":8},"end":{"line":135,"column":9}},{"start":{"line":99,"column":13},"end":{"line":135,"column":9}}],"line":95},"13":{"loc":{"start":{"line":109,"column":16},"end":{"line":133,"column":17}},"type":"if","locations":[{"start":{"line":109,"column":16},"end":{"line":133,"column":17}},{"start":{"line":121,"column":21},"end":{"line":133,"column":17}}],"line":109},"14":{"loc":{"start":{"line":145,"column":20},"end":{"line":147,"column":23}},"type":"cond-expr","locations":[{"start":{"line":145,"column":41},"end":{"line":147,"column":18}},{"start":{"line":147,"column":19},"end":{"line":147,"column":23}}],"line":145},"15":{"loc":{"start":{"line":162,"column":56},"end":{"line":163,"column":120}},"type":"cond-expr","locations":[{"start":{"line":163,"column":60},"end":{"line":163,"column":115}},{"start":{"line":163,"column":118},"end":{"line":163,"column":120}}],"line":162},"16":{"loc":{"start":{"line":167,"column":56},"end":{"line":168,"column":121}},"type":"cond-expr","locations":[{"start":{"line":168,"column":60},"end":{"line":168,"column":116}},{"start":{"line":168,"column":119},"end":{"line":168,"column":121}}],"line":167},"17":{"loc":{"start":{"line":172,"column":56},"end":{"line":173,"column":121}},"type":"cond-expr","locations":[{"start":{"line":173,"column":60},"end":{"line":173,"column":116}},{"start":{"line":173,"column":119},"end":{"line":173,"column":121}}],"line":172},"18":{"loc":{"start":{"line":177,"column":56},"end":{"line":178,"column":123}},"type":"cond-expr","locations":[{"start":{"line":178,"column":60},"end":{"line":178,"column":118}},{"start":{"line":178,"column":121},"end":{"line":178,"column":123}}],"line":177}},"s":{"0":2,"1":0,"2":0,"3":0,"4":0,"5":0,"6":0,"7":0,"8":0,"9":0,"10":0,"11":0,"12":0,"13":0,"14":0,"15":0,"16":0,"17":0,"18":0,"19":0,"20":0,"21":0,"22":0,"23":0,"24":0,"25":0,"26":0,"27":0,"28":0,"29":1,"30":1,"31":1,"32":0,"33":0,"34":0,"35":0,"36":0,"37":0,"38":0,"39":0,"40":0,"41":0,"42":0,"43":0,"44":0,"45":0,"46":0,"47":0,"48":0,"49":0,"50":0,"51":0,"52":0,"53":0,"54":0,"55":0,"56":0,"57":1,"58":0,"59":0,"60":0,"61":0,"62":0,"63":2,"64":1,"65":2,"66":1,"67":0,"68":0},"f":{"0":0,"1":1,"2":0,"3":0,"4":0,"5":1,"6":0,"7":0,"8":0,"9":0,"10":0,"11":1,"12":1,"13":0,"14":0},"b":{"0":[0,0],"1":[0,0],"2":[0,0],"3":[0,0],"4":[0,0],"5":[0,0],"6":[0,0],"7":[0,0],"8":[0,0],"9":[0,0],"10":[0,0],"11":[0,0,0,0,0],"12":[0,0],"13":[0,0],"14":[0,1],"15":[0,1],"16":[0,1],"17":[0,1],"18":[0,1]},"_coverageSchema":"1a1c01bbd47fc00a2c39e90264f33305004495a9","hash":"98b54ea972b0e1b4712cb7c79ca5a33fcc6268ef"}
,"C:\\Users\\2226317\\Videos\\top-jobs\\src\\components\\homepage.js": {"path":"C:\\Users\\2226317\\Videos\\top-jobs\\src\\components\\homepage.js","statementMap":{"0":{"start":{"line":13,"column":8},"end":{"line":84,"column":10}}},"fnMap":{"0":{"name":"(anonymous_0)","decl":{"start":{"line":11,"column":4},"end":{"line":11,"column":5}},"loc":{"start":{"line":11,"column":13},"end":{"line":85,"column":5}},"line":11}},"branchMap":{},"s":{"0":2},"f":{"0":2},"b":{},"_coverageSchema":"1a1c01bbd47fc00a2c39e90264f33305004495a9","hash":"8a8766ceaa8ff99dd19454940fbaecfc6f5bb0f6"}
,"C:\\Users\\2226317\\Videos\\top-jobs\\src\\components\\jobsListing.js": {"path":"C:\\Users\\2226317\\Videos\\top-jobs\\src\\components\\jobsListing.js","statementMap":{"0":{"start":{"line":16,"column":8},"end":{"line":16,"column":16}},"1":{"start":{"line":18,"column":8},"end":{"line":18,"column":51}},"2":{"start":{"line":23,"column":8},"end":{"line":23,"column":32}},"3":{"start":{"line":27,"column":21},"end":{"line":29,"column":5}},"4":{"start":{"line":28,"column":8},"end":{"line":28,"column":54}},"5":{"start":{"line":33,"column":24},"end":{"line":60,"column":5}},"6":{"start":{"line":34,"column":8},"end":{"line":34,"column":26}},"7":{"start":{"line":36,"column":8},"end":{"line":36,"column":31}},"8":{"start":{"line":37,"column":8},"end":{"line":59,"column":9}},"9":{"start":{"line":38,"column":12},"end":{"line":47,"column":15}},"10":{"start":{"line":49,"column":12},"end":{"line":58,"column":15}},"11":{"start":{"line":62,"column":18},"end":{"line":64,"column":5}},"12":{"start":{"line":63,"column":8},"end":{"line":63,"column":42}},"13":{"start":{"line":66,"column":8},"end":{"line":109,"column":10}},"14":{"start":{"line":78,"column":28},"end":{"line":98,"column":29}},"15":{"start":{"line":92,"column":164},"end":{"line":92,"column":191}},"16":{"start":{"line":113,"column":19},"end":{"line":115,"column":1}},"17":{"start":{"line":114,"column":4},"end":{"line":114,"column":17}},"18":{"start":{"line":117,"column":21},"end":{"line":123,"column":1}},"19":{"start":{"line":118,"column":4},"end":{"line":122,"column":5}},"20":{"start":{"line":120,"column":12},"end":{"line":120,"column":35}}},"fnMap":{"0":{"name":"(anonymous_0)","decl":{"start":{"line":15,"column":4},"end":{"line":15,"column":5}},"loc":{"start":{"line":15,"column":18},"end":{"line":19,"column":5}},"line":15},"1":{"name":"(anonymous_1)","decl":{"start":{"line":21,"column":4},"end":{"line":21,"column":5}},"loc":{"start":{"line":21,"column":24},"end":{"line":24,"column":5}},"line":21},"2":{"name":"(anonymous_2)","decl":{"start":{"line":27,"column":21},"end":{"line":27,"column":22}},"loc":{"start":{"line":27,"column":29},"end":{"line":29,"column":5}},"line":27},"3":{"name":"(anonymous_3)","decl":{"start":{"line":33,"column":24},"end":{"line":33,"column":25}},"loc":{"start":{"line":33,"column":30},"end":{"line":60,"column":5}},"line":33},"4":{"name":"(anonymous_4)","decl":{"start":{"line":62,"column":18},"end":{"line":62,"column":19}},"loc":{"start":{"line":62,"column":24},"end":{"line":64,"column":5}},"line":62},"5":{"name":"(anonymous_5)","decl":{"start":{"line":65,"column":4},"end":{"line":65,"column":5}},"loc":{"start":{"line":65,"column":13},"end":{"line":110,"column":5}},"line":65},"6":{"name":"(anonymous_6)","decl":{"start":{"line":77,"column":44},"end":{"line":77,"column":45}},"loc":{"start":{"line":77,"column":51},"end":{"line":99,"column":25}},"line":77},"7":{"name":"(anonymous_7)","decl":{"start":{"line":92,"column":158},"end":{"line":92,"column":159}},"loc":{"start":{"line":92,"column":164},"end":{"line":92,"column":191}},"line":92},"8":{"name":"(anonymous_8)","decl":{"start":{"line":113,"column":19},"end":{"line":113,"column":20}},"loc":{"start":{"line":113,"column":30},"end":{"line":115,"column":1}},"line":113},"9":{"name":"(anonymous_9)","decl":{"start":{"line":117,"column":21},"end":{"line":117,"column":22}},"loc":{"start":{"line":117,"column":35},"end":{"line":123,"column":1}},"line":117},"10":{"name":"(anonymous_10)","decl":{"start":{"line":119,"column":20},"end":{"line":119,"column":21}},"loc":{"start":{"line":119,"column":26},"end":{"line":121,"column":9}},"line":119}},"branchMap":{"0":{"loc":{"start":{"line":37,"column":8},"end":{"line":59,"column":9}},"type":"if","locations":[{"start":{"line":37,"column":8},"end":{"line":59,"column":9}},{"start":{"line":48,"column":15},"end":{"line":59,"column":9}}],"line":37},"1":{"loc":{"start":{"line":104,"column":20},"end":{"line":104,"column":233}},"type":"cond-expr","locations":[{"start":{"line":104,"column":41},"end":{"line":104,"column":226}},{"start":{"line":104,"column":229},"end":{"line":104,"column":233}}],"line":104}},"s":{"0":1,"1":1,"2":1,"3":1,"4":0,"5":1,"6":0,"7":0,"8":0,"9":0,"10":0,"11":1,"12":0,"13":1,"14":0,"15":0,"16":2,"17":1,"18":2,"19":1,"20":1},"f":{"0":1,"1":1,"2":0,"3":0,"4":0,"5":1,"6":0,"7":0,"8":1,"9":1,"10":1},"b":{"0":[0,0],"1":[0,1]},"_coverageSchema":"1a1c01bbd47fc00a2c39e90264f33305004495a9","hash":"af022a1fc03d249c9d2c517930d178ece3e40aa2"}
,"C:\\Users\\2226317\\Videos\\top-jobs\\src\\components\\navBar.js": {"path":"C:\\Users\\2226317\\Videos\\top-jobs\\src\\components\\navBar.js","statementMap":{"0":{"start":{"line":8,"column":15},"end":{"line":8,"column":43}},"1":{"start":{"line":11,"column":8},"end":{"line":41,"column":10}}},"fnMap":{"0":{"name":"(anonymous_0)","decl":{"start":{"line":10,"column":4},"end":{"line":10,"column":5}},"loc":{"start":{"line":10,"column":13},"end":{"line":42,"column":5}},"line":10}},"branchMap":{},"s":{"0":2,"1":2},"f":{"0":2},"b":{},"_coverageSchema":"1a1c01bbd47fc00a2c39e90264f33305004495a9","hash":"5fdfacfb8b5942d7de674b6eb2526adf08163124"}
}
