TN:
SF:src\App.js
FN:9,App
FNF:1
FNH:1
FNDA:1,App
DA:10,1
LF:1
LH:1
BRF:0
BRH:0
end_of_record
TN:
SF:src\store.js
FN:12,(anonymous_0)
FNF:1
FNH:1
FNDA:4,(anonymous_0)
DA:5,4
DA:10,4
DA:12,4
LF:3
LH:3
BRF:0
BRH:0
end_of_record
TN:
SF:src\test-utils.js
FN:14,render
FN:22,Wrapper
FNF:2
FNH:2
FNDA:4,render
FNDA:4,Wrapper
DA:9,4
DA:23,4
DA:25,4
LF:3
LH:3
BRDA:16,0,0,4
BRDA:18,1,0,4
BRF:2
BRH:2
end_of_record
TN:
SF:src\components\applyJob.js
FN:10,(anonymous_0)
FN:53,(anonymous_1)
FN:68,(anonymous_2)
FN:73,(anonymous_3)
FN:97,(anonymous_4)
FN:102,(anonymous_5)
FN:133,(anonymous_6)
FN:150,(anonymous_7)
FN:153,(anonymous_8)
FN:168,(anonymous_9)
FN:185,(anonymous_10)
FN:200,(anonymous_11)
FN:214,(anonymous_12)
FN:228,(anonymous_13)
FN:235,(anonymous_14)
FN:250,(anonymous_15)
FN:254,(anonymous_16)
FN:256,(anonymous_17)
FN:257,(anonymous_18)
FNF:19
FNH:4
FNDA:0,(anonymous_0)
FNDA:1,(anonymous_1)
FNDA:0,(anonymous_2)
FNDA:0,(anonymous_3)
FNDA:0,(anonymous_4)
FNDA:0,(anonymous_5)
FNDA:0,(anonymous_6)
FNDA:1,(anonymous_7)
FNDA:0,(anonymous_8)
FNDA:0,(anonymous_9)
FNDA:0,(anonymous_10)
FNDA:0,(anonymous_11)
FNDA:0,(anonymous_12)
FNDA:0,(anonymous_13)
FNDA:0,(anonymous_14)
FNDA:1,(anonymous_15)
FNDA:1,(anonymous_16)
FNDA:0,(anonymous_17)
FNDA:0,(anonymous_18)
DA:10,3
DA:11,0
DA:12,0
DA:13,0
DA:14,0
DA:15,0
DA:19,0
DA:20,0
DA:21,0
DA:22,0
DA:25,0
DA:26,0
DA:27,0
DA:28,0
DA:31,0
DA:32,0
DA:34,0
DA:35,0
DA:36,0
DA:37,0
DA:38,0
DA:39,0
DA:42,0
DA:43,0
DA:44,0
DA:45,0
DA:46,0
DA:47,0
DA:49,0
DA:54,1
DA:56,1
DA:68,1
DA:69,0
DA:73,1
DA:74,0
DA:75,0
DA:77,0
DA:78,0
DA:80,0
DA:81,0
DA:83,0
DA:84,0
DA:86,0
DA:87,0
DA:89,0
DA:90,0
DA:92,0
DA:97,1
DA:98,0
DA:102,1
DA:104,0
DA:105,0
DA:107,0
DA:109,0
DA:110,0
DA:112,0
DA:113,0
DA:114,0
DA:115,0
DA:118,0
DA:120,0
DA:121,0
DA:123,0
DA:124,0
DA:133,0
DA:134,0
DA:135,0
DA:136,0
DA:151,1
DA:153,0
DA:168,0
DA:185,0
DA:200,0
DA:214,0
DA:228,0
DA:235,0
DA:250,3
DA:251,1
DA:254,3
DA:255,1
DA:257,0
DA:258,0
LF:82
LH:12
BRDA:19,0,0,0
BRDA:19,0,1,0
BRDA:21,1,0,0
BRDA:21,1,1,0
BRDA:25,2,0,0
BRDA:25,2,1,0
BRDA:27,3,0,0
BRDA:27,3,1,0
BRDA:31,4,0,0
BRDA:31,4,1,0
BRDA:34,5,0,0
BRDA:34,5,1,0
BRDA:36,6,0,0
BRDA:36,6,1,0
BRDA:38,7,0,0
BRDA:38,7,1,0
BRDA:42,8,0,0
BRDA:42,8,1,0
BRDA:44,9,0,0
BRDA:44,9,1,0
BRDA:46,10,0,0
BRDA:46,10,1,0
BRDA:75,11,0,0
BRDA:75,11,1,0
BRDA:75,11,2,0
BRDA:75,11,3,0
BRDA:75,11,4,0
BRDA:75,11,5,0
BRDA:114,12,0,0
BRDA:114,12,1,0
BRDA:118,13,0,0
BRDA:118,13,1,0
BRDA:154,14,0,1
BRDA:154,14,1,0
BRDA:158,15,0,0
BRDA:158,15,1,1
BRDA:169,16,0,0
BRDA:169,16,1,1
BRDA:169,17,0,1
BRDA:169,17,1,1
BRDA:174,18,0,0
BRDA:174,18,1,1
BRDA:184,19,0,0
BRDA:184,19,1,1
BRDA:184,20,0,1
BRDA:184,20,1,0
BRDA:184,20,2,0
BRDA:184,20,3,1
BRDA:188,21,0,0
BRDA:188,21,1,1
BRDA:198,22,0,0
BRDA:198,22,1,1
BRDA:198,23,0,1
BRDA:198,23,1,1
BRDA:203,24,0,0
BRDA:203,24,1,1
BRDA:213,25,0,0
BRDA:213,25,1,1
BRDA:213,26,0,1
BRDA:213,26,1,1
BRDA:217,27,0,0
BRDA:217,27,1,1
BRF:62
BRH:18
end_of_record
TN:
SF:src\components\contactsUs.js
FN:8,(anonymous_0)
FN:53,(anonymous_1)
FN:69,(anonymous_2)
FN:90,(anonymous_3)
FN:107,(anonymous_4)
FN:139,(anonymous_5)
FN:160,(anonymous_6)
FN:165,(anonymous_7)
FN:170,(anonymous_8)
FN:175,(anonymous_9)
FN:180,(anonymous_10)
FN:238,(anonymous_11)
FN:242,(anonymous_12)
FN:244,(anonymous_13)
FN:245,(anonymous_14)
FNF:15
FNH:4
FNDA:0,(anonymous_0)
FNDA:1,(anonymous_1)
FNDA:0,(anonymous_2)
FNDA:0,(anonymous_3)
FNDA:0,(anonymous_4)
FNDA:1,(anonymous_5)
FNDA:0,(anonymous_6)
FNDA:0,(anonymous_7)
FNDA:0,(anonymous_8)
FNDA:0,(anonymous_9)
FNDA:0,(anonymous_10)
FNDA:1,(anonymous_11)
FNDA:1,(anonymous_12)
FNDA:0,(anonymous_13)
FNDA:0,(anonymous_14)
DA:8,2
DA:9,0
DA:10,0
DA:11,0
DA:12,0
DA:13,0
DA:17,0
DA:18,0
DA:19,0
DA:20,0
DA:23,0
DA:24,0
DA:25,0
DA:26,0
DA:29,0
DA:30,0
DA:32,0
DA:33,0
DA:34,0
DA:35,0
DA:36,0
DA:37,0
DA:40,0
DA:41,0
DA:42,0
DA:43,0
DA:44,0
DA:45,0
DA:49,0
DA:54,1
DA:56,1
DA:69,1
DA:70,0
DA:71,0
DA:73,0
DA:74,0
DA:76,0
DA:77,0
DA:79,0
DA:80,0
DA:82,0
DA:83,0
DA:85,0
DA:92,0
DA:94,0
DA:95,0
DA:96,0
DA:97,0
DA:100,0
DA:101,0
DA:107,0
DA:108,0
DA:109,0
DA:110,0
DA:111,0
DA:122,0
DA:123,0
DA:140,1
DA:160,0
DA:165,0
DA:170,0
DA:175,0
DA:180,0
DA:238,2
DA:239,1
DA:242,2
DA:243,1
DA:245,0
DA:246,0
LF:69
LH:9
BRDA:17,0,0,0
BRDA:17,0,1,0
BRDA:19,1,0,0
BRDA:19,1,1,0
BRDA:23,2,0,0
BRDA:23,2,1,0
BRDA:25,3,0,0
BRDA:25,3,1,0
BRDA:29,4,0,0
BRDA:29,4,1,0
BRDA:32,5,0,0
BRDA:32,5,1,0
BRDA:34,6,0,0
BRDA:34,6,1,0
BRDA:36,7,0,0
BRDA:36,7,1,0
BRDA:40,8,0,0
BRDA:40,8,1,0
BRDA:42,9,0,0
BRDA:42,9,1,0
BRDA:44,10,0,0
BRDA:44,10,1,0
BRDA:71,11,0,0
BRDA:71,11,1,0
BRDA:71,11,2,0
BRDA:71,11,3,0
BRDA:71,11,4,0
BRDA:95,12,0,0
BRDA:95,12,1,0
BRDA:109,13,0,0
BRDA:109,13,1,0
BRDA:145,14,0,0
BRDA:145,14,1,1
BRDA:162,15,0,0
BRDA:162,15,1,1
BRDA:167,16,0,0
BRDA:167,16,1,1
BRDA:172,17,0,0
BRDA:172,17,1,1
BRDA:177,18,0,0
BRDA:177,18,1,1
BRF:41
BRH:5
end_of_record
TN:
SF:src\components\homepage.js
FN:11,(anonymous_0)
FNF:1
FNH:1
FNDA:2,(anonymous_0)
DA:13,2
LF:1
LH:1
BRF:0
BRH:0
end_of_record
TN:
SF:src\components\jobsListing.js
FN:15,(anonymous_0)
FN:21,(anonymous_1)
FN:27,(anonymous_2)
FN:33,(anonymous_3)
FN:62,(anonymous_4)
FN:65,(anonymous_5)
FN:77,(anonymous_6)
FN:92,(anonymous_7)
FN:113,(anonymous_8)
FN:117,(anonymous_9)
FN:119,(anonymous_10)
FNF:11
FNH:6
FNDA:1,(anonymous_0)
FNDA:1,(anonymous_1)
FNDA:0,(anonymous_2)
FNDA:0,(anonymous_3)
FNDA:0,(anonymous_4)
FNDA:1,(anonymous_5)
FNDA:0,(anonymous_6)
FNDA:0,(anonymous_7)
FNDA:1,(anonymous_8)
FNDA:1,(anonymous_9)
FNDA:1,(anonymous_10)
DA:16,1
DA:18,1
DA:23,1
DA:27,1
DA:28,0
DA:33,1
DA:34,0
DA:36,0
DA:37,0
DA:38,0
DA:49,0
DA:62,1
DA:63,0
DA:66,1
DA:78,0
DA:92,0
DA:113,2
DA:114,1
DA:117,2
DA:118,1
DA:120,1
LF:21
LH:12
BRDA:37,0,0,0
BRDA:37,0,1,0
BRDA:104,1,0,0
BRDA:104,1,1,1
BRF:4
BRH:1
end_of_record
TN:
SF:src\components\navBar.js
FN:10,(anonymous_0)
FNF:1
FNH:1
FNDA:2,(anonymous_0)
DA:8,2
DA:11,2
LF:2
LH:2
BRF:0
BRH:0
end_of_record
